<?xml version="1.0" encoding="UTF-8"?>
<!-- Generated by org.testng.reporters.JUnitXMLReporter -->
<testsuite ignored="2" hostname="DESKTOP-KQQB62G" failures="0" tests="5" name="Default test" time="40.274" errors="0" timestamp="2025-07-13T16:35:29 AST">
  <testcase classname="TestStore.TestStore.AppTest" name="loginOrRegister" time="1.449"/>
  <testcase classname="TestStore.TestStore.AppTest" name="ReturningCustomer" time="0.593"/>
  <testcase classname="TestStore.TestStore.AppTest" name="AddRandomItems" time="7.054"/>
  <testcase classname="TestStore.TestStore.AppTest" name="RandomInternalItem" time="17.37"/>
  <testcase classname="TestStore.TestStore.AppTest" name="Checkout" time="7.356"/>
  <testcase classname="TestStore.TestStore.AppTest" name="creatUser" time="0.0">
    <ignored/>
  </testcase> <!-- creatUser -->
  <testcase classname="TestStore.TestStore.AppTest" name="randomRemoveItem" time="0.0">
    <ignored/>
  </testcase> <!-- randomRemoveItem -->
</testsuite> <!-- Default test -->
