<?xml version="1.0" encoding="UTF-8"?>
<testng-results ignored="2" total="7" passed="5" failed="0" skipped="0">
  <reporter-output>
  </reporter-output>
  <suite started-at="2025-07-13T16:34:48 AST" name="Default suite" finished-at="2025-07-13T16:35:28 AST" duration-ms="40274">
    <groups>
    </groups>
    <test started-at="2025-07-13T16:34:48 AST" name="Default test" finished-at="2025-07-13T16:35:28 AST" duration-ms="40274">
      <class name="TestStore.TestStore.AppTest">
        <test-method is-config="true" signature="mySetUp()[pri:0, instance:TestStore.TestStore.AppTest@6b53bcc2]" started-at="2025-07-13T16:34:48 AST" name="mySetUp" finished-at="2025-07-13T16:34:55 AST" duration-ms="6304" status="PASS">
          <reporter-output>
          </reporter-output>
        </test-method> <!-- mySetUp -->
        <test-method signature="loginOrRegister()[pri:1, instance:TestStore.TestStore.AppTest@6b53bcc2]" started-at="2025-07-13T16:34:55 AST" name="loginOrRegister" finished-at="2025-07-13T16:34:56 AST" duration-ms="1449" status="PASS">
          <reporter-output>
          </reporter-output>
        </test-method> <!-- loginOrRegister -->
        <test-method signature="ReturningCustomer()[pri:3, instance:TestStore.TestStore.AppTest@6b53bcc2]" started-at="2025-07-13T16:34:56 AST" name="ReturningCustomer" finished-at="2025-07-13T16:34:57 AST" duration-ms="593" status="PASS">
          <reporter-output>
          </reporter-output>
        </test-method> <!-- ReturningCustomer -->
        <test-method signature="AddRandomItems()[pri:4, instance:TestStore.TestStore.AppTest@6b53bcc2]" started-at="2025-07-13T16:34:57 AST" name="AddRandomItems" finished-at="2025-07-13T16:35:04 AST" duration-ms="7054" status="PASS">
          <reporter-output>
          </reporter-output>
        </test-method> <!-- AddRandomItems -->
        <test-method signature="RandomInternalItem()[pri:5, instance:TestStore.TestStore.AppTest@6b53bcc2]" started-at="2025-07-13T16:35:04 AST" name="RandomInternalItem" finished-at="2025-07-13T16:35:21 AST" duration-ms="17370" status="PASS">
          <reporter-output>
          </reporter-output>
        </test-method> <!-- RandomInternalItem -->
        <test-method signature="Checkout()[pri:7, instance:TestStore.TestStore.AppTest@6b53bcc2]" started-at="2025-07-13T16:35:21 AST" name="Checkout" finished-at="2025-07-13T16:35:28 AST" duration-ms="7356" status="PASS">
          <reporter-output>
          </reporter-output>
        </test-method> <!-- Checkout -->
        <test-method is-config="true" signature="afterTest()[pri:0, instance:TestStore.TestStore.AppTest@6b53bcc2]" started-at="2025-07-13T16:35:28 AST" name="afterTest" finished-at="2025-07-13T16:35:28 AST" duration-ms="1" status="PASS">
          <reporter-output>
          </reporter-output>
        </test-method> <!-- afterTest -->
      </class> <!-- TestStore.TestStore.AppTest -->
    </test> <!-- Default test -->
  </suite> <!-- Default suite -->
</testng-results>
